2017-12-19T09:52:50 - easyscan.main - INFO
[1;32;2m Scan method       = POLYCHORD[0m
2017-12-19T09:52:50 - easyscan.main - INFO
[1;32;2m ...............................................[0m
2017-12-19T09:52:50 - easyscan.main - INFO
[1;32;2m ...............................................[0m
2017-12-19T09:52:50 - easyscan.main - INFO
[1;32;2m Result file name  = /home/yuanfang/Desktop/multinest_latest/bin/yf_polympi_beta[0m
2017-12-19T09:52:50 - easyscan.main - INFO
[1;32;2m Points number     = 5[0m
2017-12-19T09:52:50 - easyscan.main - INFO
[1;32;2m Random seed       = 123[0m
2017-12-19T09:52:50 - easyscan.main - INFO
[1;32;2m Interval of print = 1[0m
2017-12-19T09:52:50 - easyscan.main - INFO
[1;32;2m Input parametes   =  [0m
2017-12-19T09:52:50 - easyscan.main - INFO
[1;32;2m   ID= mv2_33	Prior= LOG	Min= 50.000000	Max= 40000.000000[0m
2017-12-19T09:52:50 - easyscan.main - INFO
[1;32;2m   ID= LAMN_33	Prior= FLAT	Min= 0.000000	Max= 0.300000[0m
2017-12-19T09:52:50 - easyscan.main - INFO
[1;32;2m   ID= alamn_33	Prior= FLAT	Min= -1000.000000	Max= 1000.000000[0m
2017-12-19T09:52:50 - easyscan.main - INFO
[1;32;2m ...............................................[0m
2017-12-19T09:52:50 - easyscan.main - INFO
[1;32;2m ...............................................[0m
2017-12-19T09:52:50 - easyscan.main - INFO
[1;32;2m Program name    = CAL[0m
2017-12-19T09:52:50 - easyscan.main - INFO
[1;32;2m Execute command = [['python ./calculator/GsphenoInput.py']][0m
2017-12-19T09:52:50 - easyscan.main - INFO
[1;32;2m Command path    = /home/yuanfang/Desktop/multinest_latest/bin/../Externals[0m
2017-12-19T09:52:50 - easyscan.main - INFO
[1;32;2m Input file      = [0m
2017-12-19T09:52:50 - easyscan.main - INFO
[1;32;2m   fID= 1 	File= /home/yuanfang/Desktop/multinest_latest/bin/../Externals/calculator/GsphenoInput.py[0m
2017-12-19T09:52:50 - easyscan.main - INFO
[1;32;2m Input variable = [0m
2017-12-19T09:52:50 - easyscan.main - INFO
[1;32;2m   varID= mv2_33 	fID= 1 	Method= Replace 	Name= ES_mv2_33[0m
2017-12-19T09:52:50 - easyscan.main - WARNING
[1;31;2m For input variable "mv2_33" in program "CAL" with "Replace" method, the input file "/home/yuanfang/Desktop/multinest_latest/bin/../Externals/calculator/GsphenoInput.py" does not contain "ES_mv2_33", and ESbackup file exist. In the following, ESbackup file will take the part of input file.[0m
2017-12-19T09:52:50 - easyscan.main - INFO
[1;32;2m   varID= LAMN_33 	fID= 1 	Method= Replace 	Name= ES_LAMN_33[0m
2017-12-19T09:52:50 - easyscan.main - INFO
[1;32;2m   varID= alamn_33 	fID= 1 	Method= Replace 	Name= ES_alamn_33[0m
2017-12-19T09:52:50 - easyscan.main - DEBUG
[1;35;2m OuFileID: [1][0m
2017-12-19T09:52:50 - easyscan.main - INFO
[1;32;2m Output file     = [0m
2017-12-19T09:52:50 - easyscan.main - INFO
[1;32;2m   ID= 1 	File= /home/yuanfang/Desktop/multinest_latest/bin/../Externals/calculator/GsphenoInput.txt[0m
2017-12-19T09:52:50 - easyscan.main - INFO
[1;32;2m Output variable = [0m
2017-12-19T09:52:50 - easyscan.main - INFO
[1;32;2m   varID= GsphenoInput 	fID= 1 	Method= File and Save[0m
2017-12-19T09:52:50 - easyscan.main - INFO
[1;32;2m   varID= yf_M1 	fID= 1 	Method= Position 	Line num= 2 	Column num= 1[0m
2017-12-19T09:52:50 - easyscan.main - INFO
[1;32;2m No Run flag.[0m
2017-12-19T09:52:50 - easyscan.main - INFO
[1;32;2m ...............................................[0m
2017-12-19T09:52:50 - easyscan.main - INFO
[1;32;2m ...............................................[0m
2017-12-19T09:52:50 - easyscan.main - INFO
[1;32;2m Program name    = SPheno-4.0.3[0m
2017-12-19T09:52:50 - easyscan.main - INFO
[1;32;2m Execute command = [['rm  SPheno.spc.seesaw1nmssm'], ['rm -rf effC.dat'], ['./SPheno-4.0.3/bin/SPhenoseesaw1nmssm ./calculator/GsphenoInput.txt']][0m
2017-12-19T09:52:50 - easyscan.main - INFO
[1;32;2m Command path    = /home/yuanfang/Desktop/multinest_latest/bin/../Externals[0m
2017-12-19T09:52:50 - easyscan.main - INFO
[1;32;2m Input file      = [0m
2017-12-19T09:52:50 - easyscan.main - DEBUG
[1;35;2m OuFileID: [1][0m
2017-12-19T09:52:50 - easyscan.main - INFO
[1;32;2m Output file     = [0m
2017-12-19T09:52:50 - easyscan.main - INFO
[1;32;2m   ID= 1 	File= /home/yuanfang/Desktop/multinest_latest/bin/../Externals/SPheno.spc.seesaw1nmssm[0m
2017-12-19T09:52:50 - easyscan.main - INFO
[1;32;2m Output variable = [0m
2017-12-19T09:52:50 - easyscan.main - INFO
[1;32;2m   varID= SPhenooutfile 	fID= 1 	Method= File and Save[0m
2017-12-19T09:52:50 - easyscan.main - INFO
[1;32;2m   varID= Sd_1 	fID= 1 	Method= SLHA 	B/D= BLOCK 	Name= MASS 	Keys= 1000001[0m
2017-12-19T09:52:50 - easyscan.main - INFO
[1;32;2m   varID= SvRe_1 	fID= 1 	Method= SLHA 	B/D= BLOCK 	Name= MASS 	Keys= 1000012[0m
2017-12-19T09:52:50 - easyscan.main - INFO
[1;32;2m   varID= hh_1 	fID= 1 	Method= SLHA 	B/D= BLOCK 	Name= MASS 	Keys= 25[0m
2017-12-19T09:52:50 - easyscan.main - INFO
[1;32;2m   varID= Chi_5 	fID= 1 	Method= SLHA 	B/D= BLOCK 	Name= MASS 	Keys= 1000045[0m
2017-12-19T09:52:50 - easyscan.main - INFO
[1;32;2m No Run flag.[0m
2017-12-19T09:52:50 - easyscan.main - INFO
[1;32;2m ...............................................[0m
2017-12-19T09:52:50 - easyscan.main - INFO
[1;32;2m ...............................................[0m
2017-12-19T09:52:50 - easyscan.main - INFO
[1;32;2m Program name    = micromegas_4.3.5[0m
2017-12-19T09:52:50 - easyscan.main - INFO
[1;32;2m Execute command = [['rm -f omg.out'], ['./micromegas_4.3.5/shl-seesaw1-nmssm/CalcOmega_with_DDetection_MOv4.3 SPheno.spc.seesaw1nmssm']][0m
2017-12-19T09:52:50 - easyscan.main - INFO
[1;32;2m Command path    = /home/yuanfang/Desktop/multinest_latest/bin/../Externals[0m
2017-12-19T09:52:50 - easyscan.main - INFO
[1;32;2m Input file      = [0m
2017-12-19T09:52:50 - easyscan.main - DEBUG
[1;35;2m OuFileID: [1][0m
2017-12-19T09:52:50 - easyscan.main - INFO
[1;32;2m Output file     = [0m
2017-12-19T09:52:50 - easyscan.main - INFO
[1;32;2m   ID= 1 	File= /home/yuanfang/Desktop/multinest_latest/bin/../Externals/omg.out[0m
2017-12-19T09:52:50 - easyscan.main - INFO
[1;32;2m Output variable = [0m
2017-12-19T09:52:50 - easyscan.main - INFO
[1;32;2m   varID= omgfile 	fID= 1 	Method= File and Save[0m
2017-12-19T09:52:50 - easyscan.main - INFO
[1;32;2m   varID= omega 	fID= 1 	Method= SLHA 	B/D= BLOCK 	Name= DarkMatter 	Keys= 1[0m
2017-12-19T09:52:50 - easyscan.main - INFO
[1;32;2m   varID= proton_si 	fID= 1 	Method= SLHA 	B/D= BLOCK 	Name= DarkMatter 	Keys= 201[0m
2017-12-19T09:52:50 - easyscan.main - INFO
[1;32;2m   varID= sigma_v 	fID= 1 	Method= SLHA 	B/D= BLOCK 	Name= DarkMatter 	Keys= 302[0m
2017-12-19T09:52:50 - easyscan.main - INFO
[1;32;2m No Run flag.[0m
2017-12-19T09:52:50 - easyscan.main - INFO
[1;32;2m ...............................................[0m
2017-12-19T09:52:50 - easyscan.main - INFO
[1;32;2m ...............................................[0m
2017-12-19T09:52:50 - easyscan.main - INFO
[1;32;2m Program name    = Fermi_Lat[0m
2017-12-19T09:52:50 - easyscan.main - INFO
[1;32;2m Execute command = [['rm -f Delta_X2.dat'], ['./Fermi_Lat/IDD_onefile.py omg.out']][0m
2017-12-19T09:52:50 - easyscan.main - INFO
[1;32;2m Command path    = /home/yuanfang/Desktop/multinest_latest/bin/../Externals[0m
2017-12-19T09:52:50 - easyscan.main - INFO
[1;32;2m Input file      = [0m
2017-12-19T09:52:50 - easyscan.main - DEBUG
[1;35;2m OuFileID: [1][0m
2017-12-19T09:52:50 - easyscan.main - INFO
[1;32;2m Output file     = [0m
2017-12-19T09:52:50 - easyscan.main - INFO
[1;32;2m   ID= 1 	File= /home/yuanfang/Desktop/multinest_latest/bin/../Externals/Delta_X2.dat[0m
2017-12-19T09:52:50 - easyscan.main - INFO
[1;32;2m Output variable = [0m
2017-12-19T09:52:50 - easyscan.main - INFO
[1;32;2m   varID= Fermi_Lat 	fID= 1 	Method= position 	Line num= 1 	Column num= 1[0m
2017-12-19T09:52:50 - easyscan.main - INFO
[1;32;2m No Run flag.[0m
2017-12-19T09:52:50 - easyscan.main - INFO
[1;32;2m ...............................................[0m
2017-12-19T09:52:50 - easyscan.main - INFO
[1;32;2m ...............................................[0m
2017-12-19T09:52:50 - easyscan.main - INFO
[1;32;2m Program name    = HiggsBounds[0m
2017-12-19T09:52:50 - easyscan.main - INFO
[1;32;2m Execute command = [['rm -f HiggsBounds_results.dat'], ['./HiggsBounds-5.1.1beta/HiggsBounds LandH effC 5 1 ../Externals/']][0m
2017-12-19T09:52:50 - easyscan.main - INFO
[1;32;2m Command path    = /home/yuanfang/Desktop/multinest_latest/bin/../Externals[0m
2017-12-19T09:52:50 - easyscan.main - INFO
[1;32;2m Input file      = [0m
2017-12-19T09:52:50 - easyscan.main - DEBUG
[1;35;2m OuFileID: [1][0m
2017-12-19T09:52:50 - easyscan.main - INFO
[1;32;2m Output file     = [0m
2017-12-19T09:52:50 - easyscan.main - INFO
[1;32;2m   ID= 1 	File= /home/yuanfang/Desktop/multinest_latest/bin/../Externals/HiggsBounds_results.dat[0m
2017-12-19T09:52:50 - easyscan.main - INFO
[1;32;2m Output variable = [0m
2017-12-19T09:52:50 - easyscan.main - INFO
[1;32;2m   varID= HBresult 	fID= 1 	Method= position 	Line num= 19 	Column num= 8[0m
2017-12-19T09:52:50 - easyscan.main - INFO
[1;32;2m No Run flag.[0m
2017-12-19T09:52:50 - easyscan.main - INFO
[1;32;2m ...............................................[0m
2017-12-19T09:52:50 - easyscan.main - INFO
[1;32;2m ...............................................[0m
2017-12-19T09:52:50 - easyscan.main - INFO
[1;32;2m Program name    = HiggsSignals[0m
2017-12-19T09:52:50 - easyscan.main - INFO
[1;32;2m Execute command = [['rm -f HiggsSignals_results.dat'], ['./HiggsSignals-2.1.0beta/HiggsSignals latestresults peak 2 effC 5 1 ../Externals/']][0m
2017-12-19T09:52:50 - easyscan.main - INFO
[1;32;2m Command path    = /home/yuanfang/Desktop/multinest_latest/bin/../Externals[0m
2017-12-19T09:52:50 - easyscan.main - INFO
[1;32;2m Input file      = [0m
2017-12-19T09:52:50 - easyscan.main - DEBUG
[1;35;2m OuFileID: [1][0m
2017-12-19T09:52:50 - easyscan.main - INFO
[1;32;2m Output file     = [0m
2017-12-19T09:52:50 - easyscan.main - INFO
[1;32;2m   ID= 1 	File= /home/yuanfang/Desktop/multinest_latest/bin/../Externals/HiggsSignals_results.dat[0m
2017-12-19T09:52:50 - easyscan.main - INFO
[1;32;2m Output variable = [0m
2017-12-19T09:52:50 - easyscan.main - INFO
[1;32;2m   varID= Pvalue 	fID= 1 	Method= position 	Line num= 18 	Column num= 14[0m
2017-12-19T09:52:50 - easyscan.main - INFO
[1;32;2m No Run flag.[0m
2017-12-19T09:52:50 - easyscan.main - INFO
[1;32;2m ...............................................[0m
2017-12-19T09:52:50 - easyscan.main - INFO
[1;32;2m ...............................................[0m
2017-12-19T09:52:50 - easyscan.main - INFO
[1;32;2m Program name    = yf_extract[0m
2017-12-19T09:52:50 - easyscan.main - INFO
[1;32;2m Execute command = [['rm -f yf_results.txt'], ['./yf_extract/yf_ni1ni1_a1a1.py']][0m
2017-12-19T09:52:50 - easyscan.main - INFO
[1;32;2m Command path    = /home/yuanfang/Desktop/multinest_latest/bin/../Externals[0m
2017-12-19T09:52:50 - easyscan.main - INFO
[1;32;2m Input file      = [0m
2017-12-19T09:52:50 - easyscan.main - DEBUG
[1;35;2m OuFileID: [1][0m
2017-12-19T09:52:50 - easyscan.main - INFO
[1;32;2m Output file     = [0m
2017-12-19T09:52:50 - easyscan.main - INFO
[1;32;2m   ID= 1 	File= /home/yuanfang/Desktop/multinest_latest/bin/../Externals/yf_results.txt[0m
2017-12-19T09:52:50 - easyscan.main - INFO
[1;32;2m Output variable = [0m
2017-12-19T09:52:50 - easyscan.main - INFO
[1;32;2m   varID= yf_flag 	fID= 1 	Method= Position 	Line num= 1 	Column num= 1[0m
2017-12-19T09:52:50 - easyscan.main - INFO
[1;32;2m No Run flag.[0m
2017-12-19T09:52:50 - easyscan.main - DEBUG
[1;35;2m Programe ID: program4[0m
2017-12-19T09:52:50 - easyscan.main - DEBUG
[1;35;2m Corresponding output vars: {'Fermi_Lat': nan}[0m
2017-12-19T09:52:50 - easyscan.main - DEBUG
[1;35;2m Programe ID: program5[0m
2017-12-19T09:52:50 - easyscan.main - DEBUG
[1;35;2m Corresponding output vars: {'HBresult': nan}[0m
2017-12-19T09:52:50 - easyscan.main - DEBUG
[1;35;2m Programe ID: program6[0m
2017-12-19T09:52:50 - easyscan.main - DEBUG
[1;35;2m Corresponding output vars: {'Pvalue': nan}[0m
2017-12-19T09:52:50 - easyscan.main - DEBUG
[1;35;2m Programe ID: program7[0m
2017-12-19T09:52:50 - easyscan.main - DEBUG
[1;35;2m Corresponding output vars: {'yf_flag': nan}[0m
2017-12-19T09:52:50 - easyscan.main - DEBUG
[1;35;2m Programe ID: program1[0m
2017-12-19T09:52:50 - easyscan.main - DEBUG
[1;35;2m Corresponding output vars: {'yf_M1': nan, 'GsphenoInput': nan}[0m
2017-12-19T09:52:50 - easyscan.main - DEBUG
[1;35;2m Programe ID: program2[0m
2017-12-19T09:52:50 - easyscan.main - DEBUG
[1;35;2m Corresponding output vars: {'hh_1': nan, 'SvRe_1': nan, 'Chi_5': nan, 'SPhenooutfile': nan, 'Sd_1': nan}[0m
2017-12-19T09:52:50 - easyscan.main - DEBUG
[1;35;2m Programe ID: program3[0m
2017-12-19T09:52:50 - easyscan.main - DEBUG
[1;35;2m Corresponding output vars: {'proton_si': nan, 'omega': nan, 'sigma_v': nan, 'omgfile': nan}[0m
2017-12-19T09:52:50 - easyscan.main - DEBUG
[1;35;2m All vars:   : {'mv2_33': nan, 'alamn_33': nan, 'HBresult': nan, 'LAMN_33': nan, 'omgfile': nan, 'omega': nan, 'proton_si': nan, 'Sd_1': nan, 'GsphenoInput': nan, 'sigma_v': nan, 'SvRe_1': nan, 'Chi_5': nan, 'Fermi_Lat': nan, 'hh_1': nan, 'yf_flag': nan, 'yf_M1': nan, 'SPhenooutfile': nan, 'Pvalue': nan}[0m
2017-12-19T09:52:50 - easyscan.main - DEBUG
[1;35;2m Input Pars: : {'mv2_33': nan, 'alamn_33': nan, 'LAMN_33': nan}[0m
2017-12-19T09:52:50 - easyscan.main - DEBUG
[1;35;2m Output Pars:: {'omgfile': nan, 'HBresult': nan, 'omega': nan, 'proton_si': nan, 'Sd_1': nan, 'GsphenoInput': nan, 'sigma_v': nan, 'SvRe_1': nan, 'Chi_5': nan, 'Fermi_Lat': nan, 'hh_1': nan, 'yf_flag': nan, 'yf_M1': nan, 'SPhenooutfile': nan, 'Pvalue': nan}[0m
2017-12-19T09:52:50 - easyscan.main - INFO
[1;32;2m ...............................................[0m
2017-12-19T09:52:50 - easyscan.main - INFO
[1;32;2m ...............................................[0m
2017-12-19T09:52:50 - easyscan.main - DEBUG
[1;35;2m constraint_items: ['gaussian'][0m
2017-12-19T09:52:50 - easyscan.main - INFO
[1;32;2m Gaussian Constraint:[0m
2017-12-19T09:52:50 - easyscan.main - INFO
[1;32;2m   varID= hh_1	Mean= 1.150000e+02	Deviation= 2.000000e+00	Type= sym[0m
2017-12-19T09:52:51 - easyscan.main - DEBUG
[1;35;2m No output file for program SPheno-4.0.3[0m
2017-12-19T09:52:51 - easyscan.main - DEBUG
[1;35;2m output file name is /home/yuanfang/Desktop/multinest_latest/bin/../Externals/3/SPheno.spc.seesaw1nmssm[0m
2017-12-19T09:52:52 - easyscan.main - DEBUG
[1;35;2m No output file for program SPheno-4.0.3[0m
2017-12-19T09:52:52 - easyscan.main - DEBUG
[1;35;2m output file name is /home/yuanfang/Desktop/multinest_latest/bin/../Externals/3/SPheno.spc.seesaw1nmssm[0m
2017-12-19T09:55:05 - easyscan.main - DEBUG
[1;35;2m No output file for program SPheno-4.0.3[0m
2017-12-19T09:55:05 - easyscan.main - DEBUG
[1;35;2m output file name is /home/yuanfang/Desktop/multinest_latest/bin/../Externals/1/SPheno.spc.seesaw1nmssm[0m
2017-12-19T09:55:05 - easyscan.main - DEBUG
[1;35;2m No output file for program SPheno-4.0.3[0m
2017-12-19T09:55:05 - easyscan.main - DEBUG
[1;35;2m output file name is /home/yuanfang/Desktop/multinest_latest/bin/../Externals/1/SPheno.spc.seesaw1nmssm[0m
2017-12-19T09:55:44 - easyscan.main - DEBUG
[1;35;2m No output file for program SPheno-4.0.3[0m
2017-12-19T09:55:44 - easyscan.main - DEBUG
[1;35;2m output file name is /home/yuanfang/Desktop/multinest_latest/bin/../Externals/1/SPheno.spc.seesaw1nmssm[0m
2017-12-19T09:56:12 - easyscan.main - DEBUG
[1;35;2m No output file for program SPheno-4.0.3[0m
2017-12-19T09:56:12 - easyscan.main - DEBUG
[1;35;2m output file name is /home/yuanfang/Desktop/multinest_latest/bin/../Externals/3/SPheno.spc.seesaw1nmssm[0m
2017-12-19T09:56:21 - easyscan.main - DEBUG
[1;35;2m No output file for program SPheno-4.0.3[0m
2017-12-19T09:56:21 - easyscan.main - DEBUG
[1;35;2m output file name is /home/yuanfang/Desktop/multinest_latest/bin/../Externals/1/SPheno.spc.seesaw1nmssm[0m
2017-12-19T09:56:22 - easyscan.main - DEBUG
[1;35;2m No output file for program SPheno-4.0.3[0m
2017-12-19T09:56:22 - easyscan.main - DEBUG
[1;35;2m output file name is /home/yuanfang/Desktop/multinest_latest/bin/../Externals/1/SPheno.spc.seesaw1nmssm[0m
2017-12-19T09:56:22 - easyscan.main - DEBUG
[1;35;2m No output file for program SPheno-4.0.3[0m
2017-12-19T09:56:22 - easyscan.main - DEBUG
[1;35;2m output file name is /home/yuanfang/Desktop/multinest_latest/bin/../Externals/1/SPheno.spc.seesaw1nmssm[0m
2017-12-19T09:57:05 - easyscan.main - DEBUG
[1;35;2m No output file for program SPheno-4.0.3[0m
2017-12-19T09:57:05 - easyscan.main - DEBUG
[1;35;2m output file name is /home/yuanfang/Desktop/multinest_latest/bin/../Externals/1/SPheno.spc.seesaw1nmssm[0m
2017-12-19T09:57:58 - easyscan.main - DEBUG
[1;35;2m No output file for program SPheno-4.0.3[0m
2017-12-19T09:57:58 - easyscan.main - DEBUG
[1;35;2m output file name is /home/yuanfang/Desktop/multinest_latest/bin/../Externals/2/SPheno.spc.seesaw1nmssm[0m
2017-12-19T09:58:54 - easyscan.main - DEBUG
[1;35;2m No output file for program SPheno-4.0.3[0m
2017-12-19T09:58:54 - easyscan.main - DEBUG
[1;35;2m output file name is /home/yuanfang/Desktop/multinest_latest/bin/../Externals/2/SPheno.spc.seesaw1nmssm[0m
2017-12-19T09:58:55 - easyscan.main - DEBUG
[1;35;2m No output file for program SPheno-4.0.3[0m
2017-12-19T09:58:55 - easyscan.main - DEBUG
[1;35;2m output file name is /home/yuanfang/Desktop/multinest_latest/bin/../Externals/2/SPheno.spc.seesaw1nmssm[0m
2017-12-19T09:58:55 - easyscan.main - DEBUG
[1;35;2m No output file for program SPheno-4.0.3[0m
2017-12-19T09:58:55 - easyscan.main - DEBUG
[1;35;2m output file name is /home/yuanfang/Desktop/multinest_latest/bin/../Externals/2/SPheno.spc.seesaw1nmssm[0m
2017-12-19T10:00:28 - easyscan.main - DEBUG
[1;35;2m No output file for program SPheno-4.0.3[0m
2017-12-19T10:00:28 - easyscan.main - DEBUG
[1;35;2m output file name is /home/yuanfang/Desktop/multinest_latest/bin/../Externals/2/SPheno.spc.seesaw1nmssm[0m
2017-12-19T10:00:28 - easyscan.main - DEBUG
[1;35;2m No output file for program SPheno-4.0.3[0m
2017-12-19T10:00:28 - easyscan.main - DEBUG
[1;35;2m output file name is /home/yuanfang/Desktop/multinest_latest/bin/../Externals/2/SPheno.spc.seesaw1nmssm[0m
2017-12-19T10:00:28 - easyscan.main - DEBUG
[1;35;2m No output file for program SPheno-4.0.3[0m
2017-12-19T10:00:28 - easyscan.main - DEBUG
[1;35;2m output file name is /home/yuanfang/Desktop/multinest_latest/bin/../Externals/2/SPheno.spc.seesaw1nmssm[0m
2017-12-19T10:00:29 - easyscan.main - DEBUG
[1;35;2m No output file for program SPheno-4.0.3[0m
2017-12-19T10:00:29 - easyscan.main - DEBUG
[1;35;2m output file name is /home/yuanfang/Desktop/multinest_latest/bin/../Externals/2/SPheno.spc.seesaw1nmssm[0m
2017-12-19T10:01:00 - easyscan.main - DEBUG
[1;35;2m No output file for program SPheno-4.0.3[0m
2017-12-19T10:01:00 - easyscan.main - DEBUG
[1;35;2m output file name is /home/yuanfang/Desktop/multinest_latest/bin/../Externals/2/SPheno.spc.seesaw1nmssm[0m
2017-12-19T10:01:00 - easyscan.main - DEBUG
[1;35;2m No output file for program SPheno-4.0.3[0m
2017-12-19T10:01:00 - easyscan.main - DEBUG
[1;35;2m output file name is /home/yuanfang/Desktop/multinest_latest/bin/../Externals/2/SPheno.spc.seesaw1nmssm[0m
2017-12-19T10:01:01 - easyscan.main - DEBUG
[1;35;2m No output file for program SPheno-4.0.3[0m
2017-12-19T10:01:01 - easyscan.main - DEBUG
[1;35;2m output file name is /home/yuanfang/Desktop/multinest_latest/bin/../Externals/2/SPheno.spc.seesaw1nmssm[0m
2017-12-19T10:01:01 - easyscan.main - DEBUG
[1;35;2m No output file for program SPheno-4.0.3[0m
2017-12-19T10:01:01 - easyscan.main - DEBUG
[1;35;2m output file name is /home/yuanfang/Desktop/multinest_latest/bin/../Externals/2/SPheno.spc.seesaw1nmssm[0m
2017-12-19T10:01:02 - easyscan.main - DEBUG
[1;35;2m No output file for program SPheno-4.0.3[0m
2017-12-19T10:01:02 - easyscan.main - DEBUG
[1;35;2m output file name is /home/yuanfang/Desktop/multinest_latest/bin/../Externals/2/SPheno.spc.seesaw1nmssm[0m
