[1;36;2m

^^^^^^^^^^^^^^^^^^^^^^^^^^^^^^^^^^^^^^^^^^^^^^^^^^^^^^^^
____ ____ ____ _   _ ____ ____ ____ _  _ _  _ ____ ___
|___ |__| [__   \_/  [__  |    |__| |\ | |__| |___ |__]
|___ |  | ___]   |   ___] |___ |  | | \| |  | |___ |

                                       Version: beta 1.1
^^^^^^^^^^^^^^^^^^^^^^^^^^^^^^^^^^^^^^^^^^^^^^^^^^^^^^^^

[0m
[1;36;2m

^^^^^^^^^^^^^^^^^^^^^^^^^^^^^^^^^^^^^^^^^^^^^^^^^^^^^^^^
____ ____ ____ _   _ ____ ____ ____ _  _ _  _ ____ ___
|___ |__| [__   \_/  [__  |    |__| |\ | |__| |___ |__]
|___ |  | ___]   |   ___] |___ |  | | \| |  | |___ |

                                       Version: beta 1.1
^^^^^^^^^^^^^^^^^^^^^^^^^^^^^^^^^^^^^^^^^^^^^^^^^^^^^^^^

[0m
rank= 0
rank= 1
INFO: [1;32;2m Scan method       = POLYCHORD[0m
INFO: [1;32;2m Scan method       = POLYCHORD[0m
INFO: [1;32;2m ...............................................[0m
INFO: [1;32;2m ...............................................[0m
INFO: [1;32;2m ...............................................[0m
INFO: [1;32;2m Result file name  = /home/yuanfang/Desktop/multinest_latest/bin/yf_mpiseesawv3[0m
INFO: [1;32;2m ...............................................[0m
INFO: [1;32;2m Points number     = 5[0m
INFO: [1;32;2m Result file name  = /home/yuanfang/Desktop/multinest_latest/bin/yf_mpiseesawv3[0m
INFO: [1;32;2m Random seed       = 123[0m
INFO: [1;32;2m Interval of print = 1[0m
INFO: [1;32;2m Points number     = 5[0m
INFO: [1;32;2m Input parametes   =  [0m
INFO: [1;32;2m   ID= mv2_33	Prior= LOG	Min= 50.000000	Max= 40000.000000[0m
INFO: [1;32;2m Random seed       = 123[0m
INFO: [1;32;2m   ID= LAMN_33	Prior= FLAT	Min= 0.000000	Max= 0.300000[0m
INFO: [1;32;2m   ID= alamn_33	Prior= FLAT	Min= -1000.000000	Max= 1000.000000[0m
INFO: [1;32;2m Interval of print = 1[0m
INFO: [1;32;2m Input parametes   =  [0m
INFO: [1;32;2m ...............................................[0m
INFO: [1;32;2m ...............................................[0m
INFO: [1;32;2m   ID= mv2_33	Prior= LOG	Min= 50.000000	Max= 40000.000000[0m
INFO: [1;32;2m Program name    = CAL[0m
INFO: [1;32;2m   ID= LAMN_33	Prior= FLAT	Min= 0.000000	Max= 0.300000[0m
INFO: [1;32;2m Execute command = [['python GsphenoInput.py']][0m
INFO: [1;32;2m   ID= alamn_33	Prior= FLAT	Min= -1000.000000	Max= 1000.000000[0m
INFO: [1;32;2m Command path    = /home/yuanfang/Desktop/multinest_latest/bin/../Externals/calculator/[0m
INFO: [1;32;2m Input file      = [0m
INFO: [1;32;2m   fID= 1 	File= /home/yuanfang/Desktop/multinest_latest/bin/../Externals/calculator/GsphenoInput.py[0m
INFO: [1;32;2m ...............................................[0m
INFO: [1;32;2m Input variable = [0m
INFO: [1;32;2m ...............................................[0m
INFO: [1;32;2m Program name    = CAL[0m
INFO: [1;32;2m Execute command = [['python GsphenoInput.py']][0m
INFO: [1;32;2m Command path    = /home/yuanfang/Desktop/multinest_latest/bin/../Externals/calculator/[0m
INFO: [1;32;2m Input file      = [0m
INFO: [1;32;2m   fID= 1 	File= /home/yuanfang/Desktop/multinest_latest/bin/../Externals/calculator/GsphenoInput.py[0m
INFO: [1;32;2m Input variable = [0m
INFO: [1;32;2m   varID= mv2_33 	fID= 1 	Method= Replace 	Name= ES_mv2_33[0m
WARNING: [1;31;2m For input variable "mv2_33" in program "CAL" with "Replace" method, the input file "/home/yuanfang/Desktop/multinest_latest/bin/../Externals/calculator/GsphenoInput.py" does not contain "ES_mv2_33", and ESbackup file exist. In the following, ESbackup file will take the part of input file.[0m
[1;31;2m # Goto [0m[4;31;2m http://easyscanhep.hepforge.org[0m[1;31;2m  for detail.[0m
INFO: [1;32;2m   varID= LAMN_33 	fID= 1 	Method= Replace 	Name= ES_LAMN_33[0m
INFO: [1;32;2m   varID= alamn_33 	fID= 1 	Method= Replace 	Name= ES_alamn_33[0m
DEBUG: [1;35;2m OuFileID: [1][0m
INFO: [1;32;2m Output file     = [0m
INFO: [1;32;2m   ID= 1 	File= /home/yuanfang/Desktop/multinest_latest/bin/../Externals/calculator/GsphenoInput.txt[0m
INFO: [1;32;2m Output variable = [0m
INFO: [1;32;2m   varID= GsphenoInput 	fID= 1 	Method= File and Save[0m
INFO: [1;32;2m   varID= yf_M1 	fID= 1 	Method= Position 	Line num= 2 	Column num= 1[0m
INFO: [1;32;2m No Run flag.[0m
INFO: [1;32;2m ...............................................[0m
INFO: [1;32;2m ...............................................[0m
INFO: [1;32;2m Program name    = SPheno-4.0.3[0m
INFO: [1;32;2m Execute command = [['rm -f SPheno.spc.seesaw1nmssm'], ['rm -rf effC.dat'], ['./SPheno-4.0.3/bin/SPhenoseesaw1nmssm ./calculator/GsphenoInput.txt']][0m
INFO: [1;32;2m Command path    = /home/yuanfang/Desktop/multinest_latest/bin/../Externals[0m
INFO: [1;32;2m Input file      = [0m
DEBUG: [1;35;2m OuFileID: [1][0m
INFO: [1;32;2m Output file     = [0m
INFO: [1;32;2m   ID= 1 	File= /home/yuanfang/Desktop/multinest_latest/bin/../Externals/SPheno.spc.seesaw1nmssm[0m
INFO: [1;32;2m Output variable = [0m
INFO: [1;32;2m   varID= SPhenooutfile 	fID= 1 	Method= File and Save[0m
INFO: [1;32;2m   varID= Sd_1 	fID= 1 	Method= SLHA 	B/D= BLOCK 	Name= MASS 	Keys= 1000001[0m
INFO: [1;32;2m   varID= SvRe_1 	fID= 1 	Method= SLHA 	B/D= BLOCK 	Name= MASS 	Keys= 1000012[0m
INFO: [1;32;2m   varID= hh_1 	fID= 1 	Method= SLHA 	B/D= BLOCK 	Name= MASS 	Keys= 25[0m
INFO: [1;32;2m   varID= Chi_5 	fID= 1 	Method= SLHA 	B/D= BLOCK 	Name= MASS 	Keys= 1000045[0m
INFO: [1;32;2m No Run flag.[0m
INFO: [1;32;2m ...............................................[0m
INFO: [1;32;2m ...............................................[0m
INFO: [1;32;2m Program name    = micromegas_4.3.5[0m
INFO: [1;32;2m Execute command = [['rm -f omg.out'], ['./micromegas_4.3.5/shl-seesaw1-nmssm/CalcOmega_with_DDetection_MOv4.3 SPheno.spc.seesaw1nmssm']][0m
INFO: [1;32;2m Command path    = /home/yuanfang/Desktop/multinest_latest/bin/../Externals/[0m
INFO: [1;32;2m Input file      = [0m
DEBUG: [1;35;2m OuFileID: [1][0m
INFO: [1;32;2m Output file     = [0m
INFO: [1;32;2m   ID= 1 	File= /home/yuanfang/Desktop/multinest_latest/bin/../Externals/omg.out[0m
INFO: [1;32;2m Output variable = [0m
INFO: [1;32;2m   varID= omgfile 	fID= 1 	Method= File and Save[0m
INFO: [1;32;2m   varID= omega 	fID= 1 	Method= SLHA 	B/D= BLOCK 	Name= DarkMatter 	Keys= 1[0m
INFO: [1;32;2m   varID= proton_si 	fID= 1 	Method= SLHA 	B/D= BLOCK 	Name= DarkMatter 	Keys= 201[0m
INFO: [1;32;2m   varID= sigma_v 	fID= 1 	Method= SLHA 	B/D= BLOCK 	Name= DarkMatter 	Keys= 302[0m
INFO: [1;32;2m No Run flag.[0m
INFO: [1;32;2m ...............................................[0m
INFO: [1;32;2m ...............................................[0m
INFO: [1;32;2m Program name    = Fermi_Lat[0m
INFO: [1;32;2m Execute command = [['rm -f Delta_X2.dat'],INFO: [1;32;2m   varID= mv2_33 	fID= 1 	Method= Replace 	Name= ES_mv2_33[0m
WARNING: [1;31;2m For input variable "mv2_33" in program "CAL" with "Replace" method, the input file "/home/yuanfang/Desktop/multinest_latest/bin/../Externals/calculator/GsphenoInput.py" does not contain "ES_mv2_33", and ESbackup file exist. In the following, ESbackup file will take the part of input file.[0m
[1;31;2m # Goto [0m[4;31;2m http://easyscanhep.hepforge.org[0m[1;31;2m  for detail.[0m
INFO: [1;32;2m   varID= LAMN_33 	fID= 1 	Method= Replace 	Name= ES_LAMN_33[0m
INFO: [1;32;2m   varID= alamn_33 	fID= 1 	Method= Replace 	Name= ES_alamn_33[0m
DEBUG: [1;35;2m OuFileID: [1][0m
INFO: [1;32;2m Output file     = [0m
INFO: [1;32;2m   ID= 1 	File= /home/yuanfang/Desktop/multinest_latest/bin/../Externals/calculator/GsphenoInput.txt[0m
INFO: [1;32;2m Output variable = [0m
INFO: [1;32;2m   varID= GsphenoInput 	fID= 1 	Method= File and Save[0m
INFO: [1;32;2m   varID= yf_M1 	fID= 1 	Method= Position 	Line num= 2 	Column num= 1[0m
INFO: [1;32;2m No Run flag.[0m
INFO: [1;32;2m ...............................................[0m
INFO: [1;32;2m ...............................................[0m
INFO: [1;32;2m Program name    = SPheno-4.0.3[0m
INFO: [1;32;2m Execute command = [['rm -f SPheno.spc.seesaw1nmssm'], ['rm -rf effC.dat'], ['./SPheno-4.0.3/bin/SPhenoseesaw1nmssm ./calculator/GsphenoInput.txt']][0m
INFO: [1;32;2m Command path    = /home/yuanfang/Desktop/multinest_latest/bin/../Externals[0m
INFO: [1;32;2m Input file      = [0m
DEBUG: [1;35;2m OuFileID: [1][0m
INFO: [1;32;2m Output file     = [0m
INFO: [1;32;2m   ID= 1 	File= /home/yuanfang/Desktop/multinest_latest/bin/../Externals/SPheno.spc.seesaw1nmssm[0m
INFO: [1;32;2m Output variable = [0m
INFO: [1;32;2m   varID= SPhenooutfile 	fID= 1 	Method= File and Save[0m
INFO: [1;32;2m   varID= Sd_1 	fID= 1 	Method= SLHA 	B/D= BLOCK 	Name= MASS 	Keys= 1000001[0m
INFO: [1;32;2m   varID= SvRe_1 	fID= 1 	Method= SLHA 	B/D= BLOCK 	Name= MASS 	Keys= 1000012[0m
INFO: [1;32;2m   varID= hh_1 	fID= 1 	Method= SLHA 	B/D= BLOCK 	Name= MASS 	Keys= 25[0m
INFO: [1;32;2m   varID= Chi_5 	fID= 1 	Method= SLHA 	B/D= BLOCK 	Name= MASS 	Keys= 1000045[0m
INFO: [1;32;2m No Run flag.[0m
INFO: [1;32;2m ...............................................[0m
INFO: [1;32;2m ...............................................[0m
INFO: [1;32;2m Program name    = micromegas_4.3.5[0m
INFO: [1;32;2m Execute command = [['rm -f omg.out'], ['./micromegas_4.3.5/shl-seesaw1-nmssm/CalcOmega_with_DDetection_MOv4.3 SPheno.spc.seesaw1nmssm']][0m
INFO: [1;32;2m Command path    = /home/yuanfang/Desktop/multinest_latest/bin/../Externals/[0m
INFO: [1;32;2m Input file      = [0m
DEBUG: [1;35;2m OuFileID: [1][0m
INFO: [1;32;2m Output file     = [0m
INFO: [1;32;2m   ID= 1 	File= /home/yuanfang/Desktop/multinest_latest/bin/../Externals/omg.out[0m
INFO: [1;32;2m Output variable = [0m
INFO: [1;32;2m   varID= omgfile 	fID= 1 	Method= File and Save[0m
INFO: [1;32;2m   varID= omega 	fID= 1 	Method= SLHA 	B/D= BLOCK 	Name= DarkMatter 	Keys= 1[0m
INFO: [1;32;2m   varID= proton_si 	fID= 1 	Method= SLHA 	B/D= BLOCK 	Name= DarkMatter 	Keys= 201[0m
INFO: [1;32;2m   varID= sigma_v 	fID= 1 	Method= SLHA 	B/D= BLOCK 	Name= DarkMatter 	Keys= 302[0m
INFO: [1;32;2m No Run flag.[0m
INFO: [1;32;2m ...............................................[0m
INFO: [1;32;2m ...............................................[0m
INFO: [1;32;2m Program name    = Fermi_Lat[0m
INFO: [1;32;2m Execute command = [['rm -f Delta_X2.dat'], ['./Fermi_Lat/IDD_onefile.py omg.out']][0m
INFO: [1;32;2m Command path    = /home/yuanfang/Desktop/multinest_latest/bin/../Externals/[0m
INFO: [1;32;2m Input file      = [0m
DEBUG: [1;35;2m OuFileID: [1][0m
INFO: [1;32;2m Output file     = [0m
INFO: [1;32;2m   ID= 1 	File= /home/yuanfang/Desktop/multinest_latest/bin/../Externals/Delta_X2.dat[0m
INFO: [1;32;2m Output variable = [0m
INFO: [1;32;2m   varID= Fermi_Lat 	fID= 1 	Method= position 	Line num= 1 	Column n ['./Fermi_Lat/IDD_onefile.py omg.out']][0m
INFO: [1;32;2m Command path    = /home/yuanfang/Desktop/multinest_latest/bin/../Externals/[0m
INFO: [1;32;2m Input file      = [0m
DEBUG: [1;35;2m OuFileID: [1][0m
INFO: [1;32;2m Output file     = [0m
INFO: [1;32;2m   ID= 1 	File= /home/yuanfang/Desktop/multinest_latest/bin/../Externals/Delta_X2.dat[0m
INFO: [1;32;2m Output variable = [0m
INFO: [1;32;2m   varID= Fermi_Lat 	fID= 1 	Method= position 	Line num= 1 	Column num= 1[0m
INFO: [1;32;2m No Run flag.[0m
INFO: [1;32;2m ...............................................[0m
INFO: [1;32;2m ...............................................[0m
INFO: [1;32;2m Program name    = HiggsBounds[0m
INFO: [1;32;2m Execute command = [['rm -f HiggsBounds_results.dat'], ['./HiggsBounds-5.1.1beta/HiggsBounds LandH effC 5 1 ../Externals/']][0m
INFO: [1;32;2m Command path    = /home/yuanfang/Desktop/multinest_latest/bin/../Externals/[0m
INFO: [1;32;2m Input file      = [0m
DEBUG: [1;35;2m OuFileID: [1][0m
INFO: [1;32;2m Output file     = [0m
INFO: [1;32;2m   ID= 1 	File= /home/yuanfang/Desktop/multinest_latest/bin/../Externals/HiggsBounds_results.dat[0m
INFO: [1;32;2m Output variable = [0m
INFO: [1;32;2m   varID= HBresult 	fID= 1 	Method= position 	Line num= 19 	Column num= 8[0m
INFO: [1;32;2m No Run flag.[0m
INFO: [1;32;2m ...............................................[0m
INFO: [1;32;2m ...............................................[0m
INFO: [1;32;2m Program name    = HiggsSignals[0m
INFO: [1;32;2m Execute command = [['rm -f HiggsSignals_results.dat'], ['./HiggsSignals-2.1.0beta/HiggsSignals latestresults peak 2 effC 5 1 ../Externals/']][0m
INFO: [1;32;2m Command path    = /home/yuanfang/Desktop/multinest_latest/bin/../Externals/[0m
INFO: [1;32;2m Input file      = [0m
DEBUG: [1;35;2m OuFileID: [1][0m
INFO: [1;32;2m Output file     = [0m
INFO: [1;32;2m   ID= 1 	File= /home/yuanfang/Desktop/multinest_latest/bin/../Externals/HiggsSignals_results.dat[0m
INFO: [1;32;2m Output variable = [0m
INFO: [1;32;2m   varID= Pvalue 	fID= 1 	Method= position 	Line num= 18 	Column num= 14[0m
INFO: [1;32;2m No Run flag.[0m
INFO: [1;32;2m ...............................................[0m
INFO: [1;32;2m ...............................................[0m
INFO: [1;32;2m Program name    = yf_extract[0m
INFO: [1;32;2m Execute command = [['rm -f yf_results.txt'], ['./yf_extract/yf_ni1ni1_a1a1.py']][0m
INFO: [1;32;2m Command path    = /home/yuanfang/Desktop/multinest_latest/bin/../Externals/[0m
INFO: [1;32;2m Input file      = [0m
DEBUG: [1;35;2m OuFileID: [1][0m
INFO: [1;32;2m Output file     = [0m
INFO: [1;32;2m   ID= 1 	File= /home/yuanfang/Desktop/multinest_latest/bin/../Externals/yf_results.txt[0m
INFO: [1;32;2m Output variable = [0m
INFO: [1;32;2m   varID= yf_flag 	fID= 1 	Method= Position 	Line num= 1 	Column num= 1[0m
INFO: [1;32;2m No Run flag.[0m
DEBUG: [1;35;2m Programe ID: program4[0m
DEBUG: [1;35;2m Corresponding output vars: {'Fermi_Lat': nan}[0m
DEBUG: [1;35;2m Programe ID: program5[0m
DEBUG: [1;35;2m Corresponding output vars: {'HBresult': nan}[0m
DEBUG: [1;35;2m Programe ID: program6[0m
DEBUG: [1;35;2m Corresponding output vars: {'Pvalue': nan}[0m
DEBUG: [1;35;2m Programe ID: program7[0m
DEBUG: [1;35;2m Corresponding output vars: {'yf_flag': nan}[0m
DEBUG: [1;35;2m Programe ID: program1[0m
DEBUG: [1;35;2m Corresponding output vars: {'yf_M1': nan, 'GsphenoInput': nan}[0m
DEBUG: [1;35;2m Programe ID: program2[0m
DEBUG: [1;35;2m Corresponding output vars: {'hh_1': nan, 'SvRe_1': nan, 'Chi_5': nan, 'SPhenooutfile': nan, 'Sd_1': nan}[0m
DEBUG: [1;35;2m Programe ID: program3[0m
DEBUG: [1;35;2m Corresponding output vars: {'proton_si': nan, 'omega': nan, 'sigma_v': nan, 'omgfile': nan}[0m
DEBUG: [1;35;2m All vars:   : {'mv2_33': nan, 'alamn_33': nan, 'HBresult': nan, 'LAMN_33': nan, 'omgfile': nan, 'omega': nan, 'proton_si': nan, 'Sd_1': nan, 'GsphenoInput': nan, 'sigma_v': nan, 'SvRe_1': nan, 'Chi_5': nan, 'Fermi_Lat': nan, 'hh_1': nan, 'yf_flum= 1[0m
INFO: [1;32;2m No Run flag.[0m
INFO: [1;32;2m ...............................................[0m
INFO: [1;32;2m ...............................................[0m
INFO: [1;32;2m Program name    = HiggsBounds[0m
INFO: [1;32;2m Execute command = [['rm -f HiggsBounds_results.dat'], ['./HiggsBounds-5.1.1beta/HiggsBounds LandH effC 5 1 ../Externals/']][0m
INFO: [1;32;2m Command path    = /home/yuanfang/Desktop/multinest_latest/bin/../Externals/[0m
INFO: [1;32;2m Input file      = [0m
DEBUG: [1;35;2m OuFileID: [1][0m
INFO: [1;32;2m Output file     = [0m
INFO: [1;32;2m   ID= 1 	File= /home/yuanfang/Desktop/multinest_latest/bin/../Externals/HiggsBounds_results.dat[0m
INFO: [1;32;2m Output variable = [0m
INFO: [1;32;2m   varID= HBresult 	fID= 1 	Method= position 	Line num= 19 	Column num= 8[0m
INFO: [1;32;2m No Run flag.[0m
INFO: [1;32;2m ...............................................[0m
INFO: [1;32;2m ...............................................[0m
INFO: [1;32;2m Program name    = HiggsSignals[0m
INFO: [1;32;2m Execute command = [['rm -f HiggsSignals_results.dat'], ['./HiggsSignals-2.1.0beta/HiggsSignals latestresults peak 2 effC 5 1 ../Externals/']][0m
INFO: [1;32;2m Command path    = /home/yuanfang/Desktop/multinest_latest/bin/../Externals/[0m
INFO: [1;32;2m Input file      = [0m
DEBUG: [1;35;2m OuFileID: [1][0m
INFO: [1;32;2m Output file     = [0m
INFO: [1;32;2m   ID= 1 	File= /home/yuanfang/Desktop/multinest_latest/bin/../Externals/HiggsSignals_results.dat[0m
INFO: [1;32;2m Output variable = [0m
INFO: [1;32;2m   varID= Pvalue 	fID= 1 	Method= position 	Line num= 18 	Column num= 14[0m
INFO: [1;32;2m No Run flag.[0m
INFO: [1;32;2m ...............................................[0m
INFO: [1;32;2m ...............................................[0m
INFO: [1;32;2m Program name    = yf_extract[0m
INFO: [1;32;2m Execute command = [['rm -f yf_results.txt'], ['./yf_extract/yf_ni1ni1_a1a1.py']][0m
INFO: [1;32;2m Command path    = /home/yuanfang/Desktop/multinest_latest/bin/../Externals/[0m
INFO: [1;32;2m Input file      = [0m
DEBUG: [1;35;2m OuFileID: [1][0m
INFO: [1;32;2m Output file     = [0m
INFO: [1;32;2m   ID= 1 	File= /home/yuanfang/Desktop/multinest_latest/bin/../Externals/yf_results.txt[0m
INFO: [1;32;2m Output variable = [0m
INFO: [1;32;2m   varID= yf_flag 	fID= 1 	Method= Position 	Line num= 1 	Column num= 1[0m
INFO: [1;32;2m No Run flag.[0m
DEBUG: [1;35;2m Programe ID: program4[0m
DEBUG: [1;35;2m Corresponding output vars: {'Fermi_Lat': nan}[0m
DEBUG: [1;35;2m Programe ID: program5[0m
DEBUG: [1;35;2m Corresponding output vars: {'HBresult': nan}[0m
DEBUG: [1;35;2m Programe ID: program6[0m
DEBUG: [1;35;2m Corresponding output vars: {'Pvalue': nan}[0m
DEBUG: [1;35;2m Programe ID: program7[0m
DEBUG: [1;35;2m Corresponding output vars: {'yf_flag': nan}[0m
DEBUG: [1;35;2m Programe ID: program1[0m
DEBUG: [1;35;2m Corresponding output vars: {'yf_M1': nan, 'GsphenoInput': nan}[0m
DEBUG: [1;35;2m Programe ID: program2[0m
DEBUG: [1;35;2m Corresponding output vars: {'hh_1': nan, 'SvRe_1': nan, 'Chi_5': nan, 'SPhenooutfile': nan, 'Sd_1': nan}[0m
DEBUG: [1;35;2m Programe ID: program3[0m
DEBUG: [1;35;2m Corresponding output vars: {'proton_si': nan, 'omega': nan, 'sigma_v': nan, 'omgfile': nan}[0m
DEBUG: [1;35;2m All vars:   : {'mv2_33': nan, 'alamn_33': nan, 'HBresult': nan, 'LAMN_33': nan, 'omgfile': nan, 'omega': nan, 'proton_si': nan, 'Sd_1': nan, 'GsphenoInput': nan, 'sigma_v': nan, 'SvRe_1': nan, 'Chi_5': nan, 'Fermi_Lat': nan, 'hh_1': nan, 'yf_flag': nan, 'yf_M1': nan, 'SPhenooutfile': nan, 'Pvalue': nan}[0m
DEBUG: [1;35;2m Input Pars: : {'mv2_33': nan, 'alamn_33': nan, 'LAMN_33': nan}[0m
DEBUG: [1;35;2m Output Pars:: {'omgfile': nan, 'HBresult': nan, 'omega': nan, 'proton_si': nan, 'Sd_1': nan, 'GsphenoInput': nan, 'sigma_v': nan, 'SvRe_1': nan, 'Chi_5': nan, 'Fermi_Lat': nan, 'hh_1': nan, 'yf_flag': nan, 'yf_M1': nan, 'SPhenooutfile': nan, 'Pvalue': nan}[0m
INFO: [1;32;2m ......................................ag': nan, 'yf_M1': nan, 'SPhenooutfile': nan, 'Pvalue': nan}[0m
DEBUG: [1;35;2m Input Pars: : {'mv2_33': nan, 'alamn_33': nan, 'LAMN_33': nan}[0m
DEBUG: [1;35;2m Output Pars:: {'omgfile': nan, 'HBresult': nan, 'omega': nan, 'proton_si': nan, 'Sd_1': nan, 'GsphenoInput': nan, 'sigma_v': nan, 'SvRe_1': nan, 'Chi_5': nan, 'Fermi_Lat': nan, 'hh_1': nan, 'yf_flag': nan, 'yf_M1': nan, 'SPhenooutfile': nan, 'Pvalue': nan}[0m
INFO: [1;32;2m ...............................................[0m
INFO: [1;32;2m ...............................................[0m
DEBUG: [1;35;2m constraint_items: ['gaussian'][0m
INFO: [1;32;2m Gaussian Constraint:[0m
INFO: [1;32;2m   varID= omega	Mean= 1.187000e-01	Deviation= 1.980000e-02	Type= sym[0m
main: programs= {'program4': <manfun.program instance at 0x7f417f99f440>, 'program5': <manfun.program instance at 0x7f417f9a4cf8>, 'program6': <manfun.program instance at 0x7f417f95bea8>, 'program7': <manfun.program instance at 0x7f417f99acf8>, 'program1': <manfun.program instance at 0x7f417f95be60>, 'program2': <manfun.program instance at 0x7f417f961680>, 'program3': <manfun.program instance at 0x7f417f9613f8>}
main:ProgID= ['program1', 'program2', 'program3', 'program4', 'program5', 'program6', 'program7']
ES.getFileName()= /home/yuanfang/Desktop/multinest_latest/bin/yf_mpiseesawv3
nlive_points= 5
yf mpi_initilized, then still run...
program 1 parallel rank CAL is running...
parallel program:self.getInputFile(): {1: '/home/yuanfang/Desktop/multinest_latest/bin/../Externals/calculator/GsphenoInput.py'}
.........[0m
INFO: [1;32;2m ...............................................[0m
DEBUG: [1;35;2m constraint_items: ['gaussian'][0m
INFO: [1;32;2m Gaussian Constraint:[0m
INFO: [1;32;2m   varID= omega	Mean= 1.187000e-01	Deviation= 1.980000e-02	Type= sym[0m
main: programs= {'program4': <manfun.program instance at 0x7f91f76bf440>, 'program5': <manfun.program instance at 0x7f91f76c4cf8>, 'program6': <manfun.program instance at 0x7f91f767bea8>, 'program7': <manfun.program instance at 0x7f91f76bacf8>, 'program1': <manfun.program instance at 0x7f91f767be60>, 'program2': <manfun.program instance at 0x7f91f7681680>, 'program3': <manfun.program instance at 0x7f91f76813f8>}
main:ProgID= ['program1', 'program2', 'program3', 'program4', 'program5', 'program6', 'program7']
ES.getFileName()= /home/yuanfang/Desktop/multinest_latest/bin/yf_mpiseesawv3
nlive_points= 5
yf mpi_initilized, then still run...

PolyChord: Next Generation Nested Sampling
copyright: Will Handley, Mike Hobson & Anthony Lasenby
  version: 1.11
  release: 7th July 2017
    email: wh260@mrao.cam.ac.uk

Run Settings
nlive    :       5
nDims    :       3
nDerived :      15
Doing Clustering
Generating equally weighted posteriors
Generating weighted posteriors
Clustering on posteriors
Writing a resume file to/home/yuanfang/Desktop/multinest_latest/bin/yf_mpiseesawv3/PolyChordData/test.resume

generating live points

Runing Program CAL with command ['python GsphenoInput.py']
type(cmd)= <type 'list'>
cmd_lists= [['python', 'GsphenoInput.py']]
before reorganize:cmd_results= [{'interpreter': 'python', 'program': 'GsphenoInput.py'}]
parallel_run:Runing Program CAL with new command ['python  ../GsphenoInput.py  ']
Parallel_run: copy real cmd_input file into parallel run path...
Program CAL done in 0 minutes, corresponding output:GsphenoInput suceesfully running...

paralle read:self._OutputFile= {1: '/home/yuanfang/Desktop/multinest_latest/bin/../Externals/calculator/GsphenoInput.txt'}
parallel read:par= {'mv2_33': 455.4998386193473, 'alamn_33': 171.28430966552014, 'HBresult': nan, 'LAMN_33': 0.25725279815835933, 'omgfile': nan, 'omega': nan, 'proton_si': nan, 'Sd_1': nan, 'GsphenoInput': nan, 'sigma_v': nan, 'SvRe_1': nan, 'Chi_5': nan, 'Fermi_Lat': nan, 'hh_1': nan, 'yf_flag': nan, 'yf_M1': nan, 'SPhenooutfile': nan, 'Pvalue': nan}
parallel read:path= /home/yuanfang/Desktop/multinest_latest/bin/yf_mpiseesawv3
parallel read:rank= 1
parallel read:my_path= {1: '/home/yuanfang/Desktop/multinest_latest/bin/../Externals/calculator/1/GsphenoInput.txt'}
program 1 parallel rank SPheno-4.0.3 is running...
Runing Program SPheno-4.0.3 with command ['rm -f SPheno.spc.seesaw1nmssm']
type(cmd)= <type 'list'>
cmd_lists= [['rm', '-f', 'SPheno.spc.seesaw1nmssm']]
before reorganize:cmd_results= [{'option': '-f', 'shell_cmd': 'rm', 'inputfile': 'SPheno.spc.seesaw1nmssm'}]
parallel_run:Runing Program SPheno-4.0.3 with new command [' rm  -f SPheno.spc.seesaw1nmssm']
Parallel_run: copy real cmd_input file into parallel run path...
parallel_run:file= SPheno.spc.seesaw1nmssm   run_path= /home/yuanfang/Desktop/multinest_latest/bin/../Externals/1
/home/yuanfang/Desktop/multinest_latest/bin
Program SPheno-4.0.3 done in 0 minutes, corresponding output:
Runing Program SPheno-4.0.3 with command ['rm -rf effC.dat']
type(cmd)= <type 'list'>
cmd_lists= [['rm', '-rf', 'effC.dat']]
before reorganize:cmd_results= [{'option': '-rf', 'shell_cmd': 'rm', 'inputfile': 'effC.dat'}]
parallel_run:Runing Program SPheno-4.0.3 with new command [' rm  -rf effC.dat']
Parallel_run: copy real cmd_input file into parallel run path...
parallel_run:file= effC.dat   run_path= /home/yuanfang/Desktop/multinest_latest/bin/../Externals/1
/home/yuanfang/Desktop/multinest_latest/bin
Program SPheno-4.0.3 done in 0 minutes, corresponding output:
Runing Program SPheno-4.0.3 with command ['./SPheno-4.0.3/bin/SPhenoseesaw1nmssm ./calculator/GsphenoInput.txt']
type(cmd)= <type 'list'>
cmd_lists= [['./SPheno-4.0.3/bin/SPhenoseesaw1nmssm', './calculator/GsphenoInput.txt']]
before reorganize:cmd_results= [{'program': './SPheno-4.0.3/bin/SPhenoseesaw1nmssm', 'inputfile': './calculator/GsphenoInput.txt'}]
parallel_run:Runing Program SPheno-4.0.3 with new command ['  .././SPheno-4.0.3/bin/SPhenoseesaw1nmssm  GsphenoInput.txt']
Parallel_run: copy real cmd_input file into parallel run path...
parallel_run:file= ./calculator/GsphenoInput.txt   run_path= /home/yuanfang/Desktop/multinest_latest/bin/../Externals/1
/home/yuanfang/Desktop/multinest_latest/bin
Program SPheno-4.0.3 done in 0 minutes, corresponding output: Calculating branching ratios and decay widths
 Calculating low energy constraints
 Warning from routine OneLoopSu                               
 in the calculation of the masses occurred a negative mass squared!
 generation:            1
 mass:   -104129.03537790464     
 Warning from routine OneLoopSu                               
 in the calculation of the masses occurred a negative mass squared!
 generation:            1
 mass:   -108260.35887044443     
 Warning from routine OneLoopSu                               
 in the calculation of the masses occurred a negative mass squared!
 generation:            1
 mass:   -108529.47756990643     
 Warning from routine OneLoopSu                               
 in the calculation of the masses occurred a negative mass squared!
 generation:            1
 mass:   -108547.02937160007     
 Warning from routine OneLoopSu                               
 in the calculation of the masses occurred a negative mass squared!
 generation:            1
 mass:   -108548.17418126675     
 MSvRe1=   122.60957590051700     
 MSvIm1=   113.60864334622536     
 Mchi1=   163.65182448075637     
 Writing output files
 (  7.1126650116128891     ,  0.0000000000000000     ) (  3.2241851812239020     ,  0.0000000000000000     ) (  10.495241460384431     ,  0.0000000000000000     )
 (  7.1126650116128891     ,  0.0000000000000000     ) (  3.2241851812239020     ,  0.0000000000000000     ) (  10.495241460384431     ,  0.0000000000000000     ) (  7.6466723330630996E-012, -0.0000000000000000     ) (  2.3099926684549096E-011, -0.0000000000000000     ) (  3.2218510196666321E-012, -0.0000000000000000     ) (  4.3688419497509949E-012, -0.0000000000000000     ) ( -9.7416970909194347E-014, -0.0000000000000000     ) (  2.2020271596572828E-012, -0.0000000000000000     )
 Finished!

paralle read:self._OutputFile= {1: '/home/yuanfang/Desktop/multinest_latest/bin/../Externals/SPheno.spc.seesaw1nmssm'}
parallel read:par= {'mv2_33': 455.4998386193473, 'alamn_33': 171.28430966552014, 'HBresult': nan, 'LAMN_33': 0.25725279815835933, 'omgfile': nan, 'omega': nan, 'proton_si': nan, 'Sd_1': nan, 'GsphenoInput': '/home/yuanfang/Desktop/multinest_latest/bin/../Externals/calculator/GsphenoInput.txt', 'sigma_v': nan, 'SvRe_1': nan, 'Chi_5': nan, 'Fermi_Lat': nan, 'hh_1': nan, 'yf_flag': nan, 'yf_M1': 1.0, 'SPhenooutfile': nan, 'Pvalue': nan}
parallel read:path= /home/yuanfang/Desktop/multinest_latest/bin/yf_mpiseesawv3
parallel read:rank= 1
parallel read:my_path= {1: '/home/yuanfang/Desktop/multinest_latest/bin/../Externals/1/SPheno.spc.seesaw1nmssm'}
