[1;36;2m

^^^^^^^^^^^^^^^^^^^^^^^^^^^^^^^^^^^^^^^^^^^^^^^^^^^^^^^^
____ ____ ____ _   _ ____ ____ ____ _  _ _  _ ____ ___
|___ |__| [__   \_/  [__  |    |__| |\ | |__| |___ |__]
|___ |  | ___]   |   ___] |___ |  | | \| |  | |___ |

                                       Version: beta 1.1
^^^^^^^^^^^^^^^^^^^^^^^^^^^^^^^^^^^^^^^^^^^^^^^^^^^^^^^^

[0m
INFO: [1;32;2m Scan method       = MCMC[0m
* The Result file [yf_mcmc_seesaw2] already exists.
Choose: (r)replace, (b)backup, (s)stop
INFO: [1;32;2m ...............................................[0m
INFO: [1;32;2m ...............................................[0m
INFO: [1;32;2m Result file name  = /home/yuanfang/Desktop/multinest_latest/bin/yf_mcmc_seesaw2[0m
INFO: [1;32;2m Points number     = 5[0m
INFO: [1;32;2m Random seed       = 123[0m
INFO: [1;32;2m Interval of print = 1[0m
INFO: [1;32;2m Input parametes   =  [0m
WARNING: [1;31;2m As the scan method "MCMC", for the parameter [mv2_33], the step width and/or initial value is not provided. 
Both of them will be set to default values, "step width = (Max-Min)/30" and "initial value = (Max-Min)/2", in this run.[0m
[1;31;2m # Goto [0m[4;31;2m http://easyscanhep.hepforge.org[0m[1;31;2m  for detail.[0m
[1;31;2m # Waiting 3 seconds for WARNING.[0m
WARNING: [1;31;2m As the scan method "MCMC", for the parameter [LAMN_33], the step width and/or initial value is not provided. 
Both of them will be set to default values, "step width = (Max-Min)/30" and "initial value = (Max-Min)/2", in this run.[0m
[1;31;2m # Goto [0m[4;31;2m http://easyscanhep.hepforge.org[0m[1;31;2m  for detail.[0m
[1;31;2m # Waiting 3 seconds for WARNING.[0m
WARNING: [1;31;2m As the scan method "MCMC", for the parameter [alamn_33], the step width and/or initial value is not provided. 
Both of them will be set to default values, "step width = (Max-Min)/30" and "initial value = (Max-Min)/2", in this run.[0m
[1;31;2m # Goto [0m[4;31;2m http://easyscanhep.hepforge.org[0m[1;31;2m  for detail.[0m
[1;31;2m # Waiting 3 seconds for WARNING.[0m
INFO: [1;32;2m ...............................................[0m
INFO: [1;32;2m ...............................................[0m
INFO: [1;32;2m Program name    = CAL[0m
INFO: [1;32;2m Execute command = [['python GsphenoInput.py']][0m
INFO: [1;32;2m Command path    = /home/yuanfang/Desktop/multinest_latest/bin/../Externals/calculator/[0m
INFO: [1;32;2m Input file      = [0m
INFO: [1;32;2m   fID= 1 	File= /home/yuanfang/Desktop/multinest_latest/bin/../Externals/calculator/GsphenoInput.py[0m
INFO: [1;32;2m Input variable = [0m
INFO: [1;32;2m   varID= mv2_33 	fID= 1 	Method= Replace 	Name= ES_mv2_33[0m
INFO: [1;32;2m   varID= LAMN_33 	fID= 1 	Method= Replace 	Name= ES_LAMN_33[0m
INFO: [1;32;2m   varID= alamn_33 	fID= 1 	Method= Replace 	Name= ES_alamn_33[0m
INFO: [1;32;2m Output file     = [0m
INFO: [1;32;2m   ID= 1 	File= /home/yuanfang/Desktop/multinest_latest/bin/../Externals/SPheno-4.0.3/GsphenoInput.txt[0m
INFO: [1;32;2m Output variable = [0m
INFO: [1;32;2m   varID= GsphenoInput 	fID= 1 	Method= File and Save[0m
INFO: [1;32;2m   varID= yf_M1 	fID= 1 	Method= Position 	Line num= 2 	Column num= 1[0m
INFO: [1;32;2m No Run flag.[0m
INFO: [1;32;2m ...............................................[0m
INFO: [1;32;2m ...............................................[0m
INFO: [1;32;2m Program name    = SPheno-4.0.3[0m
INFO: [1;32;2m Execute command = [['rm -f SPheno.spc.seesaw1nmssm'], ['rm -f effC.dat'], ['./SPheno-4.0.3/bin/SPhenoseesaw1nmssm SPheno-4.0.3/GsphenoInput.txt']][0m
INFO: [1;32;2m Command path    = /home/yuanfang/Desktop/multinest_latest/bin/../Externals/[0m
INFO: [1;32;2m Input file      = [0m
INFO: [1;32;2m Output file     = [0m
INFO: [1;32;2m   ID= 1 	File= /home/yuanfang/Desktop/multinest_latest/bin/../Externals/SPheno.spc.seesaw1nmssm[0m
INFO: [1;32;2m Output variable = [0m
INFO: [1;32;2m   varID= SPhenooutfile 	fID= 1 	Method= File and Save[0m
INFO: [1;32;2m   varID= Sd_1 	fID= 1 	Method= SLHA 	B/D= BLOCK 	Name= MASS 	Keys= 1000001[0m
INFO: [1;32;2m   varID= SvRe_1 	fID= 1 	Method= SLHA 	B/D= BLOCK 	Name= MASS 	Keys= 1000012[0m
INFO: [1;32;2m   varID= hh_1 	fID= 1 	Method= SLHA 	B/D= BLOCK 	Name= MASS 	Keys= 25[0m
INFO: [1;32;2m   varID= Chi_5 	fID= 1 	Method= SLHA 	B/D= BLOCK 	Name= MASS 	Keys= 1000045[0m
INFO: [1;32;2m No Run flag.[0m
INFO: [1;32;2m ...............................................[0m
INFO: [1;32;2m ...............................................[0m
INFO: [1;32;2m Program name    = micromegas_4.3.5[0m
INFO: [1;32;2m Execute command = [['rm -f omg.out'], ['./micromegas_4.3.5/shl-seesaw1-nmssm/CalcOmega_with_DDetection_MOv4.3 SPheno.spc.seesaw1nmssm']][0m
INFO: [1;32;2m Command path    = /home/yuanfang/Desktop/multinest_latest/bin/../Externals/[0m
INFO: [1;32;2m Input file      = [0m
INFO: [1;32;2m Output file     = [0m
INFO: [1;32;2m   ID= 1 	File= /home/yuanfang/Desktop/multinest_latest/bin/../Externals/omg.out[0m
INFO: [1;32;2m Output variable = [0m
INFO: [1;32;2m   varID= omgfile 	fID= 1 	Method= File and Save[0m
INFO: [1;32;2m   varID= omega 	fID= 1 	Method= SLHA 	B/D= BLOCK 	Name= DarkMatter 	Keys= 1[0m
INFO: [1;32;2m   varID= proton_si 	fID= 1 	Method= SLHA 	B/D= BLOCK 	Name= DarkMatter 	Keys= 201[0m
INFO: [1;32;2m   varID= sigma_v 	fID= 1 	Method= SLHA 	B/D= BLOCK 	Name= DarkMatter 	Keys= 302[0m
INFO: [1;32;2m No Run flag.[0m
INFO: [1;32;2m ...............................................[0m
INFO: [1;32;2m ...............................................[0m
INFO: [1;32;2m Program name    = Fermi_Lat[0m
INFO: [1;32;2m Execute command = [['rm -f Delta_X2.dat'], ['./Fermi_Lat/IDD_onefile.py omg.out']][0m
INFO: [1;32;2m Command path    = /home/yuanfang/Desktop/multinest_latest/bin/../Externals/[0m
INFO: [1;32;2m Input file      = [0m
INFO: [1;32;2m Output file     = [0m
INFO: [1;32;2m   ID= 1 	File= /home/yuanfang/Desktop/multinest_latest/bin/../Externals/Delta_X2.dat[0m
INFO: [1;32;2m Output variable = [0m
INFO: [1;32;2m   varID= Fermi_Lat 	fID= 1 	Method= position 	Line num= 1 	Column num= 1[0m
INFO: [1;32;2m No Run flag.[0m
INFO: [1;32;2m ...............................................[0m
INFO: [1;32;2m ...............................................[0m
INFO: [1;32;2m Program name    = HiggsBounds[0m
INFO: [1;32;2m Execute command = [['rm -f HiggsBounds_results.dat'], ['./HiggsBounds-5.1.1beta/HiggsBounds LandH effC 5 1 ../Externals/']][0m
INFO: [1;32;2m Command path    = /home/yuanfang/Desktop/multinest_latest/bin/../Externals/[0m
INFO: [1;32;2m Input file      = [0m
INFO: [1;32;2m Output file     = [0m
INFO: [1;32;2m   ID= 1 	File= /home/yuanfang/Desktop/multinest_latest/bin/../Externals/HiggsBounds_results.dat[0m
INFO: [1;32;2m Output variable = [0m
INFO: [1;32;2m   varID= HBresult 	fID= 1 	Method= position 	Line num= 19 	Column num= 8[0m
INFO: [1;32;2m No Run flag.[0m
INFO: [1;32;2m ...............................................[0m
INFO: [1;32;2m ...............................................[0m
INFO: [1;32;2m Program name    = HiggsSignals[0m
INFO: [1;32;2m Execute command = [['rm -f HiggsSignals_results.dat'], ['./HiggsSignals-2.1.0beta/HiggsSignals latestresults peak 2 effC 5 1 ../Externals/']][0m
INFO: [1;32;2m Command path    = /home/yuanfang/Desktop/multinest_latest/bin/../Externals/[0m
INFO: [1;32;2m Input file      = [0m
INFO: [1;32;2m Output file     = [0m
INFO: [1;32;2m   ID= 1 	File= /home/yuanfang/Desktop/multinest_latest/bin/../Externals/HiggsSignals_results.dat[0m
INFO: [1;32;2m Output variable = [0m
INFO: [1;32;2m   varID= Pvalue 	fID= 1 	Method= position 	Line num= 18 	Column num= 14[0m
INFO: [1;32;2m No Run flag.[0m
INFO: [1;32;2m ...............................................[0m
INFO: [1;32;2m ...............................................[0m
INFO: [1;32;2m Program name    = yf_extract[0m
INFO: [1;32;2m Execute command = [['rm -f yf_results.txt'], ['./yf_extract/yf_ni1ni1_a1a1.py']][0m
INFO: [1;32;2m Command path    = /home/yuanfang/Desktop/multinest_latest/bin/../Externals/[0m
INFO: [1;32;2m Input file      = [0m
INFO: [1;32;2m Output file     = [0m
INFO: [1;32;2m   ID= 1 	File= /home/yuanfang/Desktop/multinest_latest/bin/../Externals/yf_results.txt[0m
INFO: [1;32;2m Output variable = [0m
INFO: [1;32;2m   varID= yf_flag 	fID= 1 	Method= Position 	Line num= 1 	Column num= 1[0m
INFO: [1;32;2m No Run flag.[0m
INFO: [1;32;2m ...............................................[0m
INFO: [1;32;2m ...............................................[0m
INFO: [1;32;2m Gaussian Constraint:[0m
INFO: [1;32;2m   varID= omega	Mean= 1.187000e-01	Deviation= 1.980000e-02	Type= sym[0m
mcmc: InitVal= {'mv2_33': 0.5, 'alamn_33': 0.5, 'LAMN_33': 0.5}
yuanfng in mcmc InitValprior cube= [1414.213562373095, 0.0, 0.15, 0, 0, 0, 0, 0, 0, 0, 0, 0, 0, 0, 0, 0, 0, 0]
self._Command= [['python GsphenoInput.py']]
self._Command= [['rm -f SPheno.spc.seesaw1nmssm'], ['rm -f effC.dat'], ['./SPheno-4.0.3/bin/SPhenoseesaw1nmssm SPheno-4.0.3/GsphenoInput.txt']]
self._Command= [['rm -f omg.out'], ['./micromegas_4.3.5/shl-seesaw1-nmssm/CalcOmega_with_DDetection_MOv4.3 SPheno.spc.seesaw1nmssm']]
self._Command= [['rm -f Delta_X2.dat'], ['./Fermi_Lat/IDD_onefile.py omg.out']]
self._Command= [['rm -f HiggsBounds_results.dat'], ['./HiggsBounds-5.1.1beta/HiggsBounds LandH effC 5 1 ../Externals/']]
self._Command= [['rm -f HiggsSignals_results.dat'], ['./HiggsSignals-2.1.0beta/HiggsSignals latestresults peak 2 effC 5 1 ../Externals/']]
self._Command= [['rm -f yf_results.txt'], ['./yf_extract/yf_ni1ni1_a1a1.py']]
INFO: loglikelihood: mychisq= -0.603197455745
------------ Start Point ------------
Input  - mv2_33 = 1414.21356237 
Input  - alamn_33 = 0.0 
Input  - LAMN_33 = 0.15 
Output - omgfile = 0.0 
Output - HBresult = 1.0 
Output - omega = 0.09695247 
Output - proton_si = 5.404207e-09 
Output - Sd_1 = 794.773373 
Output - GsphenoInput = 0.0 
Output - sigma_v = 1.560856e-26 
Output - SvRe_1 = 154.641491 
Output - Chi_5 = 825.038861 
Output - Fermi_Lat = 0.211915685867 
Output - hh_1 = 115.000495 
Output - yf_flag = 0.0 
Output - yf_M1 = 1.0 
Output - SPhenooutfile = 0.0 
Output - Pvalue = 5.92031e-05 
.................................
Current  Chi^2 = 1.20639491149
prior cube= [1717.90916811914, 35.509812804363264, 0.16204152783694542, 0.0, 1.0, 0.09695247, 5.404207e-09, 794.773373, 0.0, 1.560856e-26, 154.641491, 825.038861, 0.21191568586650789, 115.000495, 0.0, 1.0, 0.0, 5.92031e-05]
self._Command= [['python GsphenoInput.py']]
self._Command= [['rm -f SPheno.spc.seesaw1nmssm'], ['rm -f effC.dat'], ['./SPheno-4.0.3/bin/SPhenoseesaw1nmssm SPheno-4.0.3/GsphenoInput.txt']]
self._Command= [['rm -f omg.out'], ['./micromegas_4.3.5/shl-seesaw1-nmssm/CalcOmega_with_DDetection_MOv4.3 SPheno.spc.seesaw1nmssm']]
self._Command= [['rm -f Delta_X2.dat'], ['./Fermi_Lat/IDD_onefile.py omg.out']]
self._Command= [['rm -f HiggsBounds_results.dat'], ['./HiggsBounds-5.1.1beta/HiggsBounds LandH effC 5 1 ../Externals/']]
self._Command= [['rm -f HiggsSignals_results.dat'], ['./HiggsSignals-2.1.0beta/HiggsSignals latestresults peak 2 effC 5 1 ../Externals/']]
self._Command= [['rm -f yf_results.txt'], ['./yf_extract/yf_ni1ni1_a1a1.py']]
INFO: loglikelihood: mychisq= -0.603197455745
------------ Num: 1 ------------
Input  - mv2_33 = 1717.90916812 
Input  - alamn_33 = 35.5098128044 
Input  - LAMN_33 = 0.162041527837 
.................................
Output - omgfile = 0.0 
Output - HBresult = 1.0 
Output - omega = 0.09695247 
Output - proton_si = 5.404207e-09 
Output - Sd_1 = 794.773373 
Output - GsphenoInput = 0.0 
Output - sigma_v = 1.560856e-26 
Output - SvRe_1 = 154.641491 
Output - Chi_5 = 825.038861 
Output - Fermi_Lat = 0.211915685867 
Output - hh_1 = 115.000495 
Output - yf_flag = 0.0 
Output - yf_M1 = 1.0 
Output - SPhenooutfile = 0.0 
Output - Pvalue = 5.92031e-05 
.................................
Test     Chi^2 = 1.20639491149
Current  Chi^2 = 1.20639491149
Mimimum  Chi^2 = 1.20639491149
Accepted Num  = 1
Total    Num   = 1
Accepted Ratio = 1.0
prior cube= [2053.1571209090343, -49.581972827948334, 0.18295358055350433, 0.0, 1.0, 0.09695247, 5.404207e-09, 794.773373, 0.0, 1.560856e-26, 154.641491, 825.038861, 0.21191568586650789, 115.000495, 0.0, 1.0, 0.0, 5.92031e-05]
self._Command= [['python GsphenoInput.py']]
self._Command= [['rm -f SPheno.spc.seesaw1nmssm'], ['rm -f effC.dat'], ['./SPheno-4.0.3/bin/SPhenoseesaw1nmssm SPheno-4.0.3/GsphenoInput.txt']]
self._Command= [['rm -f omg.out'], ['./micromegas_4.3.5/shl-seesaw1-nmssm/CalcOmega_with_DDetection_MOv4.3 SPheno.spc.seesaw1nmssm']]
self._Command= [['rm -f Delta_X2.dat'], ['./Fermi_Lat/IDD_onefile.py omg.out']]
self._Command= [['rm -f HiggsBounds_results.dat'], ['./HiggsBounds-5.1.1beta/HiggsBounds LandH effC 5 1 ../Externals/']]
self._Command= [['rm -f HiggsSignals_results.dat'], ['./HiggsSignals-2.1.0beta/HiggsSignals latestresults peak 2 effC 5 1 ../Externals/']]
self._Command= [['rm -f yf_results.txt'], ['./yf_extract/yf_ni1ni1_a1a1.py']]
INFO: loglikelihood: mychisq= -0.603197455745
------------ Num: 2 ------------
Input  - mv2_33 = 2053.15712091 
Input  - alamn_33 = -49.5819728279 
Input  - LAMN_33 = 0.182953580554 
.................................
Output - omgfile = 0.0 
Output - HBresult = 1.0 
Output - omega = 0.09695247 
Output - proton_si = 5.404207e-09 
Output - Sd_1 = 794.773373 
Output - GsphenoInput = 0.0 
Output - sigma_v = 1.560856e-26 
Output - SvRe_1 = 154.641491 
Output - Chi_5 = 825.038861 
Output - Fermi_Lat = 0.211915685867 
Output - hh_1 = 115.000495 
Output - yf_flag = 0.0 
Output - yf_M1 = 1.0 
Output - SPhenooutfile = 0.0 
Output - Pvalue = 5.92031e-05 
.................................
Test     Chi^2 = 1.20639491149
Current  Chi^2 = 1.20639491149
Mimimum  Chi^2 = 1.20639491149
Accepted Num  = 2
Total    Num   = 2
Accepted Ratio = 1.0
prior cube= [4120.191990478059, 78.32739228714149, 0.12700608802292576, 0.0, 1.0, 0.09695247, 5.404207e-09, 794.773373, 0.0, 1.560856e-26, 154.641491, 825.038861, 0.21191568586650789, 115.000495, 0.0, 1.0, 0.0, 5.92031e-05]
self._Command= [['python GsphenoInput.py']]
self._Command= [['rm -f SPheno.spc.seesaw1nmssm'], ['rm -f effC.dat'], ['./SPheno-4.0.3/bin/SPhenoseesaw1nmssm SPheno-4.0.3/GsphenoInput.txt']]
self._Command= [['rm -f omg.out'], ['./micromegas_4.3.5/shl-seesaw1-nmssm/CalcOmega_with_DDetection_MOv4.3 SPheno.spc.seesaw1nmssm']]
self._Command= [['rm -f Delta_X2.dat'], ['./Fermi_Lat/IDD_onefile.py omg.out']]
self._Command= [['rm -f HiggsBounds_results.dat'], ['./HiggsBounds-5.1.1beta/HiggsBounds LandH effC 5 1 ../Externals/']]
self._Command= [['rm -f HiggsSignals_results.dat'], ['./HiggsSignals-2.1.0beta/HiggsSignals latestresults peak 2 effC 5 1 ../Externals/']]
self._Command= [['rm -f yf_results.txt'], ['./yf_extract/yf_ni1ni1_a1a1.py']]
INFO: loglikelihood: mychisq= -0.603197455745
------------ Num: 3 ------------
Input  - mv2_33 = 4120.19199048 
Input  - alamn_33 = 78.3273922871 
Input  - LAMN_33 = 0.127006088023 
.................................
Output - omgfile = 0.0 
Output - HBresult = 1.0 
Output - omega = 0.09695247 
Output - proton_si = 5.404207e-09 
Output - Sd_1 = 794.773373 
Output - GsphenoInput = 0.0 
Output - sigma_v = 1.560856e-26 
Output - SvRe_1 = 154.641491 
Output - Chi_5 = 825.038861 
Output - Fermi_Lat = 0.211915685867 
Output - hh_1 = 115.000495 
Output - yf_flag = 0.0 
Output - yf_M1 = 1.0 
Output - SPhenooutfile = 0.0 
Output - Pvalue = 5.92031e-05 
.................................
Test     Chi^2 = 1.20639491149
Current  Chi^2 = 1.20639491149
Mimimum  Chi^2 = 1.20639491149
Accepted Num  = 3
Total    Num   = 3
Accepted Ratio = 1.0
prior cube= [6268.496499303882, 473.53131533818623, 0.134963148331332, 0.0, 1.0, 0.09695247, 5.404207e-09, 794.773373, 0.0, 1.560856e-26, 154.641491, 825.038861, 0.21191568586650789, 115.000495, 0.0, 1.0, 0.0, 5.92031e-05]
self._Command= [['python GsphenoInput.py']]
self._Command= [['rm -f SPheno.spc.seesaw1nmssm'], ['rm -f effC.dat'], ['./SPheno-4.0.3/bin/SPhenoseesaw1nmssm SPheno-4.0.3/GsphenoInput.txt']]
self._Command= [['rm -f omg.out'], ['./micromegas_4.3.5/shl-seesaw1-nmssm/CalcOmega_with_DDetection_MOv4.3 SPheno.spc.seesaw1nmssm']]
self._Command= [['rm -f Delta_X2.dat'], ['./Fermi_Lat/IDD_onefile.py omg.out']]
self._Command= [['rm -f HiggsBounds_results.dat'], ['./HiggsBounds-5.1.1beta/HiggsBounds LandH effC 5 1 ../Externals/']]
self._Command= [['rm -f HiggsSignals_results.dat'], ['./HiggsSignals-2.1.0beta/HiggsSignals latestresults peak 2 effC 5 1 ../Externals/']]
self._Command= [['rm -f yf_results.txt'], ['./yf_extract/yf_ni1ni1_a1a1.py']]
INFO: loglikelihood: mychisq= -0.603197455745
------------ Num: 4 ------------
Input  - mv2_33 = 6268.4964993 
Input  - alamn_33 = 473.531315338 
Input  - LAMN_33 = 0.134963148331 
.................................
Output - omgfile = 0.0 
Output - HBresult = 1.0 
Output - omega = 0.09695247 
Output - proton_si = 5.404207e-09 
Output - Sd_1 = 794.773373 
Output - GsphenoInput = 0.0 
Output - sigma_v = 1.560856e-26 
Output - SvRe_1 = 154.641491 
Output - Chi_5 = 825.038861 
Output - Fermi_Lat = 0.211915685867 
Output - hh_1 = 115.000495 
Output - yf_flag = 0.0 
Output - yf_M1 = 1.0 
Output - SPhenooutfile = 0.0 
Output - Pvalue = 5.92031e-05 
.................................
Test     Chi^2 = 1.20639491149
Current  Chi^2 = 1.20639491149
Mimimum  Chi^2 = 1.20639491149
Accepted Num  = 4
Total    Num   = 4
Accepted Ratio = 1.0
prior cube= [6692.580487055052, 308.44621625186915, 0.1091858163757858, 0.0, 1.0, 0.09695247, 5.404207e-09, 794.773373, 0.0, 1.560856e-26, 154.641491, 825.038861, 0.21191568586650789, 115.000495, 0.0, 1.0, 0.0, 5.92031e-05]
self._Command= [['python GsphenoInput.py']]
self._Command= [['rm -f SPheno.spc.seesaw1nmssm'], ['rm -f effC.dat'], ['./SPheno-4.0.3/bin/SPhenoseesaw1nmssm SPheno-4.0.3/GsphenoInput.txt']]
self._Command= [['rm -f omg.out'], ['./micromegas_4.3.5/shl-seesaw1-nmssm/CalcOmega_with_DDetection_MOv4.3 SPheno.spc.seesaw1nmssm']]
self._Command= [['rm -f Delta_X2.dat'], ['./Fermi_Lat/IDD_onefile.py omg.out']]
self._Command= [['rm -f HiggsBounds_results.dat'], ['./HiggsBounds-5.1.1beta/HiggsBounds LandH effC 5 1 ../Externals/']]
self._Command= [['rm -f HiggsSignals_results.dat'], ['./HiggsSignals-2.1.0beta/HiggsSignals latestresults peak 2 effC 5 1 ../Externals/']]
self._Command= [['rm -f yf_results.txt'], ['./yf_extract/yf_ni1ni1_a1a1.py']]
INFO: loglikelihood: mychisq= -0.603197455745
------------ Num: 5 ------------
Input  - mv2_33 = 6692.58048706 
Input  - alamn_33 = 308.446216252 
Input  - LAMN_33 = 0.109185816376 
.................................
Output - omgfile = 0.0 
Output - HBresult = 1.0 
Output - omega = 0.09695247 
Output - proton_si = 5.404207e-09 
Output - Sd_1 = 794.773373 
Output - GsphenoInput = 0.0 
Output - sigma_v = 1.560856e-26 
Output - SvRe_1 = 154.641491 
Output - Chi_5 = 825.038861 
Output - Fermi_Lat = 0.211915685867 
Output - hh_1 = 115.000495 
Output - yf_flag = 0.0 
Output - yf_M1 = 1.0 
Output - SPhenooutfile = 0.0 
Output - Pvalue = 5.92031e-05 
.................................
Test     Chi^2 = 1.20639491149
Current  Chi^2 = 1.20639491149
Mimimum  Chi^2 = 1.20639491149
Accepted Num  = 5
Total    Num   = 5
Accepted Ratio = 1.0
INFO: [1;32;2m Start to plot the result ... [0m
